# JRE version: Java(TM) SE Runtime Environment (8.0_181-b13) (build 1.8.0_181-b13)
# Java VM: Java HotSpot(TM) 64-Bit Server VM (25.181-b13 mixed mode windows-amd64 compressed oops)
Heap:
 PSYoungGen      total 258048K, used 103466K [0x00000000d5f00000, 0x00000000eb600000, 0x0000000100000000)
  eden space 238592K, 43% used [0x00000000d5f00000,0x00000000dc40ab90,0x00000000e4800000)
  from space 19456K, 0% used [0x00000000e4800000,0x00000000e4800000,0x00000000e5b00000)
  to   space 19456K, 0% used [0x00000000ea300000,0x00000000ea300000,0x00000000eb600000)
 ParOldGen       total 112640K, used 31860K [0x0000000081c00000, 0x0000000088a00000, 0x00000000d5f00000)
  object space 112640K, 28% used [0x0000000081c00000,0x0000000083b1d230,0x0000000088a00000)
 Metaspace       used 61718K, capacity 63014K, committed 63064K, reserved 1103872K
  class space    used 7536K, capacity 7764K, committed 7808K, reserved 1048576K
GC Heap History (10 events):
Event: 4.176 GC heap before
{Heap before GC invocations=10 (full 2):
 PSYoungGen      total 189952K, used 11459K [0x00000000d5f00000, 0x00000000e2c80000, 0x0000000100000000)
  eden space 177152K, 0% used [0x00000000d5f00000,0x00000000d5f00000,0x00000000e0c00000)
  from space 12800K, 89% used [0x00000000e1980000,0x00000000e24b0cb0,0x00000000e2600000)
  to   space 13824K, 0% used [0x00000000e0c00000,0x00000000e0c00000,0x00000000e1980000)
 ParOldGen       total 52224K, used 11586K [0x0000000081c00000, 0x0000000084f00000, 0x00000000d5f00000)
  object space 52224K, 22% used [0x0000000081c00000,0x0000000082750b80,0x0000000084f00000)
 Metaspace       used 34797K, capacity 35144K, committed 35456K, reserved 1081344K
  class space    used 4259K, capacity 4367K, committed 4480K, reserved 1048576K
Event: 4.220 GC heap after
Heap after GC invocations=10 (full 2):
 PSYoungGen      total 189952K, used 0K [0x00000000d5f00000, 0x00000000e2c80000, 0x0000000100000000)
  eden space 177152K, 0% used [0x00000000d5f00000,0x00000000d5f00000,0x00000000e0c00000)
  from space 12800K, 0% used [0x00000000e1980000,0x00000000e1980000,0x00000000e2600000)
  to   space 13824K, 0% used [0x00000000e0c00000,0x00000000e0c00000,0x00000000e1980000)
 ParOldGen       total 78336K, used 17209K [0x0000000081c00000, 0x0000000086880000, 0x00000000d5f00000)
  object space 78336K, 21% used [0x0000000081c00000,0x0000000082cce570,0x0000000086880000)
 Metaspace       used 34797K, capacity 35144K, committed 35456K, reserved 1081344K
  class space    used 4259K, capacity 4367K, committed 4480K, reserved 1048576K
}
Event: 6.376 GC heap before
{Heap before GC invocations=11 (full 2):
 PSYoungGen      total 189952K, used 177152K [0x00000000d5f00000, 0x00000000e2c80000, 0x0000000100000000)
  eden space 177152K, 100% used [0x00000000d5f00000,0x00000000e0c00000,0x00000000e0c00000)
  from space 12800K, 0% used [0x00000000e1980000,0x00000000e1980000,0x00000000e2600000)
  to   space 13824K, 0% used [0x00000000e0c00000,0x00000000e0c00000,0x00000000e1980000)
 ParOldGen       total 78336K, used 17209K [0x0000000081c00000, 0x0000000086880000, 0x00000000d5f00000)
  object space 78336K, 21% used [0x0000000081c00000,0x0000000082cce570,0x0000000086880000)
 Metaspace       used 45877K, capacity 46280K, committed 46848K, reserved 1089536K
  class space    used 5787K, capacity 5887K, committed 5888K, reserved 1048576K
Event: 6.389 GC heap after
Heap after GC invocations=11 (full 2):
 PSYoungGen      total 190976K, used 13808K [0x00000000d5f00000, 0x00000000e6a00000, 0x0000000100000000)
  eden space 177152K, 0% used [0x00000000d5f00000,0x00000000d5f00000,0x00000000e0c00000)
  from space 13824K, 99% used [0x00000000e0c00000,0x00000000e197c158,0x00000000e1980000)
  to   space 15360K, 0% used [0x00000000e5b00000,0x00000000e5b00000,0x00000000e6a00000)
 ParOldGen       total 78336K, used 18014K [0x0000000081c00000, 0x0000000086880000, 0x00000000d5f00000)
  object space 78336K, 22% used [0x0000000081c00000,0x0000000082d97b58,0x0000000086880000)
 Metaspace       used 45877K, capacity 46280K, committed 46848K, reserved 1089536K
  class space    used 5787K, capacity 5887K, committed 5888K, reserved 1048576K
}
Event: 8.494 GC heap before
{Heap before GC invocations=12 (full 2):
 PSYoungGen      total 190976K, used 190960K [0x00000000d5f00000, 0x00000000e6a00000, 0x0000000100000000)
  eden space 177152K, 100% used [0x00000000d5f00000,0x00000000e0c00000,0x00000000e0c00000)
  from space 13824K, 99% used [0x00000000e0c00000,0x00000000e197c158,0x00000000e1980000)
  to   space 15360K, 0% used [0x00000000e5b00000,0x00000000e5b00000,0x00000000e6a00000)
 ParOldGen       total 78336K, used 18014K [0x0000000081c00000, 0x0000000086880000, 0x00000000d5f00000)
  object space 78336K, 22% used [0x0000000081c00000,0x0000000082d97b58,0x0000000086880000)
 Metaspace       used 52761K, capacity 53380K, committed 53888K, reserved 1095680K
  class space    used 6553K, capacity 6707K, committed 6784K, reserved 1048576K
Event: 8.526 GC heap after
Heap after GC invocations=12 (full 2):
 PSYoungGen      total 253952K, used 15336K [0x00000000d5f00000, 0x00000000e6e80000, 0x0000000100000000)
  eden space 238592K, 0% used [0x00000000d5f00000,0x00000000d5f00000,0x00000000e4800000)
  from space 15360K, 99% used [0x00000000e5b00000,0x00000000e69fa020,0x00000000e6a00000)
  to   space 19456K, 0% used [0x00000000e4800000,0x00000000e4800000,0x00000000e5b00000)
 ParOldGen       total 78336K, used 24249K [0x0000000081c00000, 0x0000000086880000, 0x00000000d5f00000)
  object space 78336K, 30% used [0x0000000081c00000,0x00000000833ae480,0x0000000086880000)
 Metaspace       used 52761K, capacity 53380K, committed 53888K, reserved 1095680K
  class space    used 6553K, capacity 6707K, committed 6784K, reserved 1048576K
}
Event: 34.683 GC heap before
{Heap before GC invocations=13 (full 2):
 PSYoungGen      total 253952K, used 128446K [0x00000000d5f00000, 0x00000000e6e80000, 0x0000000100000000)
  eden space 238592K, 47% used [0x00000000d5f00000,0x00000000dcd75858,0x00000000e4800000)
  from space 15360K, 99% used [0x00000000e5b00000,0x00000000e69fa020,0x00000000e6a00000)
  to   space 19456K, 0% used [0x00000000e4800000,0x00000000e4800000,0x00000000e5b00000)
 ParOldGen       total 78336K, used 24249K [0x0000000081c00000, 0x0000000086880000, 0x00000000d5f00000)
  object space 78336K, 30% used [0x0000000081c00000,0x00000000833ae480,0x0000000086880000)
 Metaspace       used 58188K, capacity 58986K, committed 59096K, reserved 1101824K
  class space    used 7210K, capacity 7386K, committed 7424K, reserved 1048576K
Event: 34.703 GC heap after
Heap after GC invocations=13 (full 2):
 PSYoungGen      total 258048K, used 6876K [0x00000000d5f00000, 0x00000000eb600000, 0x0000000100000000)
  eden space 238592K, 0% used [0x00000000d5f00000,0x00000000d5f00000,0x00000000e4800000)
  from space 19456K, 35% used [0x00000000e4800000,0x00000000e4eb7240,0x00000000e5b00000)
  to   space 19456K, 0% used [0x00000000ea300000,0x00000000ea300000,0x00000000eb600000)
 ParOldGen       total 78336K, used 37757K [0x0000000081c00000, 0x0000000086880000, 0x00000000d5f00000)
  object space 78336K, 48% used [0x0000000081c00000,0x00000000840df4d0,0x0000000086880000)
 Metaspace       used 58188K, capacity 58986K, committed 59096K, reserved 1101824K
  class space    used 7210K, capacity 7386K, committed 7424K, reserved 1048576K
}
Event: 34.703 GC heap before
{Heap before GC invocations=14 (full 3):
 PSYoungGen      total 258048K, used 6876K [0x00000000d5f00000, 0x00000000eb600000, 0x0000000100000000)
  eden space 238592K, 0% used [0x00000000d5f00000,0x00000000d5f00000,0x00000000e4800000)
  from space 19456K, 35% used [0x00000000e4800000,0x00000000e4eb7240,0x00000000e5b00000)
  to   space 19456K, 0% used [0x00000000ea300000,0x00000000ea300000,0x00000000eb600000)
 ParOldGen       total 78336K, used 37757K [0x0000000081c00000, 0x0000000086880000, 0x00000000d5f00000)
  object space 78336K, 48% used [0x0000000081c00000,0x00000000840df4d0,0x0000000086880000)
 Metaspace       used 58188K, capacity 58986K, committed 59096K, reserved 1101824K
  class space    used 7210K, capacity 7386K, committed 7424K, reserved 1048576K
Event: 34.865 GC heap after
Heap after GC invocations=14 (full 3):
 PSYoungGen      total 258048K, used 0K [0x00000000d5f00000, 0x00000000eb600000, 0x0000000100000000)
  eden space 238592K, 0% used [0x00000000d5f00000,0x00000000d5f00000,0x00000000e4800000)
  from space 19456K, 0% used [0x00000000e4800000,0x00000000e4800000,0x00000000e5b00000)
  to   space 19456K, 0% used [0x00000000ea300000,0x00000000ea300000,0x00000000eb600000)
 ParOldGen       total 112640K, used 31860K [0x0000000081c00000, 0x0000000088a00000, 0x00000000d5f00000)
  object space 112640K, 28% used [0x0000000081c00000,0x0000000083b1d230,0x0000000088a00000)
 Metaspace       used 58104K, capacity 58854K, committed 59096K, reserved 1101824K
  class space    used 7198K, capacity 7364K, committed 7424K, reserved 1048576K
}

