# JRE version: Java(TM) SE Runtime Environment (8.0_181-b13) (build 1.8.0_181-b13)
# Java VM: Java HotSpot(TM) 64-Bit Server VM (25.181-b13 mixed mode windows-amd64 compressed oops)
Heap:
 PSYoungGen      total 292864K, used 26269K [0x00000000d5f00000, 0x00000000ee880000, 0x0000000100000000)
  eden space 272896K, 9% used [0x00000000d5f00000,0x00000000d78a76e0,0x00000000e6980000)
  from space 19968K, 0% used [0x00000000e6980000,0x00000000e6980000,0x00000000e7d00000)
  to   space 19456K, 0% used [0x00000000ed580000,0x00000000ed580000,0x00000000ee880000)
 ParOldGen       total 107520K, used 33421K [0x0000000081c00000, 0x0000000088500000, 0x00000000d5f00000)
  object space 107520K, 31% used [0x0000000081c00000,0x0000000083ca3768,0x0000000088500000)
 Metaspace       used 59373K, capacity 59992K, committed 60504K, reserved 1101824K
  class space    used 7330K, capacity 7463K, committed 7552K, reserved 1048576K
GC Heap History (10 events):
Event: 9.616 GC heap before
{Heap before GC invocations=10 (full 2):
 PSYoungGen      total 210944K, used 11221K [0x00000000d5f00000, 0x00000000e3b80000, 0x0000000100000000)
  eden space 198656K, 0% used [0x00000000d5f00000,0x00000000d5f00000,0x00000000e2100000)
  from space 12288K, 91% used [0x00000000e2e00000,0x00000000e38f55f8,0x00000000e3a00000)
  to   space 13312K, 0% used [0x00000000e2100000,0x00000000e2100000,0x00000000e2e00000)
 ParOldGen       total 49664K, used 11115K [0x0000000081c00000, 0x0000000084c80000, 0x00000000d5f00000)
  object space 49664K, 22% used [0x0000000081c00000,0x00000000826dadb0,0x0000000084c80000)
 Metaspace       used 34819K, capacity 35144K, committed 35456K, reserved 1081344K
  class space    used 4262K, capacity 4367K, committed 4480K, reserved 1048576K
Event: 9.698 GC heap after
Heap after GC invocations=10 (full 2):
 PSYoungGen      total 210944K, used 0K [0x00000000d5f00000, 0x00000000e3b80000, 0x0000000100000000)
  eden space 198656K, 0% used [0x00000000d5f00000,0x00000000d5f00000,0x00000000e2100000)
  from space 12288K, 0% used [0x00000000e2e00000,0x00000000e2e00000,0x00000000e3a00000)
  to   space 13312K, 0% used [0x00000000e2100000,0x00000000e2100000,0x00000000e2e00000)
 ParOldGen       total 72192K, used 16904K [0x0000000081c00000, 0x0000000086280000, 0x00000000d5f00000)
  object space 72192K, 23% used [0x0000000081c00000,0x0000000082c823f8,0x0000000086280000)
 Metaspace       used 34819K, capacity 35144K, committed 35456K, reserved 1081344K
  class space    used 4262K, capacity 4367K, committed 4480K, reserved 1048576K
}
Event: 15.574 GC heap before
{Heap before GC invocations=11 (full 2):
 PSYoungGen      total 210944K, used 198656K [0x00000000d5f00000, 0x00000000e3b80000, 0x0000000100000000)
  eden space 198656K, 100% used [0x00000000d5f00000,0x00000000e2100000,0x00000000e2100000)
  from space 12288K, 0% used [0x00000000e2e00000,0x00000000e2e00000,0x00000000e3a00000)
  to   space 13312K, 0% used [0x00000000e2100000,0x00000000e2100000,0x00000000e2e00000)
 ParOldGen       total 72192K, used 16904K [0x0000000081c00000, 0x0000000086280000, 0x00000000d5f00000)
  object space 72192K, 23% used [0x0000000081c00000,0x0000000082c823f8,0x0000000086280000)
 Metaspace       used 47388K, capacity 47794K, committed 48384K, reserved 1091584K
  class space    used 5983K, capacity 6086K, committed 6144K, reserved 1048576K
Event: 15.610 GC heap after
Heap after GC invocations=11 (full 2):
 PSYoungGen      total 211968K, used 13309K [0x00000000d5f00000, 0x00000000e9000000, 0x0000000100000000)
  eden space 198656K, 0% used [0x00000000d5f00000,0x00000000d5f00000,0x00000000e2100000)
  from space 13312K, 99% used [0x00000000e2100000,0x00000000e2dff760,0x00000000e2e00000)
  to   space 16896K, 0% used [0x00000000e7f80000,0x00000000e7f80000,0x00000000e9000000)
 ParOldGen       total 72192K, used 21258K [0x0000000081c00000, 0x0000000086280000, 0x00000000d5f00000)
  object space 72192K, 29% used [0x0000000081c00000,0x00000000830c2830,0x0000000086280000)
 Metaspace       used 47388K, capacity 47794K, committed 48384K, reserved 1091584K
  class space    used 5983K, capacity 6086K, committed 6144K, reserved 1048576K
}
Event: 20.658 GC heap before
{Heap before GC invocations=12 (full 2):
 PSYoungGen      total 211968K, used 211965K [0x00000000d5f00000, 0x00000000e9000000, 0x0000000100000000)
  eden space 198656K, 100% used [0x00000000d5f00000,0x00000000e2100000,0x00000000e2100000)
  from space 13312K, 99% used [0x00000000e2100000,0x00000000e2dff760,0x00000000e2e00000)
  to   space 16896K, 0% used [0x00000000e7f80000,0x00000000e7f80000,0x00000000e9000000)
 ParOldGen       total 72192K, used 21258K [0x0000000081c00000, 0x0000000086280000, 0x00000000d5f00000)
  object space 72192K, 29% used [0x0000000081c00000,0x00000000830c2830,0x0000000086280000)
 Metaspace       used 54007K, capacity 54572K, committed 55040K, reserved 1097728K
  class space    used 6730K, capacity 6869K, committed 6912K, reserved 1048576K
Event: 20.691 GC heap after
Heap after GC invocations=12 (full 2):
 PSYoungGen      total 289792K, used 16872K [0x00000000d5f00000, 0x00000000e9080000, 0x0000000100000000)
  eden space 272896K, 0% used [0x00000000d5f00000,0x00000000d5f00000,0x00000000e6980000)
  from space 16896K, 99% used [0x00000000e7f80000,0x00000000e8ffa3a8,0x00000000e9000000)
  to   space 19968K, 0% used [0x00000000e6980000,0x00000000e6980000,0x00000000e7d00000)
 ParOldGen       total 72192K, used 23919K [0x0000000081c00000, 0x0000000086280000, 0x00000000d5f00000)
  object space 72192K, 33% used [0x0000000081c00000,0x000000008335bef0,0x0000000086280000)
 Metaspace       used 54007K, capacity 54572K, committed 55040K, reserved 1097728K
  class space    used 6730K, capacity 6869K, committed 6912K, reserved 1048576K
}
Event: 33.426 GC heap before
{Heap before GC invocations=13 (full 2):
 PSYoungGen      total 289792K, used 78091K [0x00000000d5f00000, 0x00000000e9080000, 0x0000000100000000)
  eden space 272896K, 22% used [0x00000000d5f00000,0x00000000d9ac8a20,0x00000000e6980000)
  from space 16896K, 99% used [0x00000000e7f80000,0x00000000e8ffa3a8,0x00000000e9000000)
  to   space 19968K, 0% used [0x00000000e6980000,0x00000000e6980000,0x00000000e7d00000)
 ParOldGen       total 72192K, used 23919K [0x0000000081c00000, 0x0000000086280000, 0x00000000d5f00000)
  object space 72192K, 33% used [0x0000000081c00000,0x000000008335bef0,0x0000000086280000)
 Metaspace       used 58002K, capacity 58604K, committed 59096K, reserved 1101824K
  class space    used 7218K, capacity 7365K, committed 7424K, reserved 1048576K
Event: 33.448 GC heap after
Heap after GC invocations=13 (full 2):
 PSYoungGen      total 292864K, used 7484K [0x00000000d5f00000, 0x00000000ee880000, 0x0000000100000000)
  eden space 272896K, 0% used [0x00000000d5f00000,0x00000000d5f00000,0x00000000e6980000)
  from space 19968K, 37% used [0x00000000e6980000,0x00000000e70cf2b8,0x00000000e7d00000)
  to   space 19456K, 0% used [0x00000000ed580000,0x00000000ed580000,0x00000000ee880000)
 ParOldGen       total 72192K, used 39603K [0x0000000081c00000, 0x0000000086280000, 0x00000000d5f00000)
  object space 72192K, 54% used [0x0000000081c00000,0x00000000842acd78,0x0000000086280000)
 Metaspace       used 58002K, capacity 58604K, committed 59096K, reserved 1101824K
  class space    used 7218K, capacity 7365K, committed 7424K, reserved 1048576K
}
Event: 33.448 GC heap before
{Heap before GC invocations=14 (full 3):
 PSYoungGen      total 292864K, used 7484K [0x00000000d5f00000, 0x00000000ee880000, 0x0000000100000000)
  eden space 272896K, 0% used [0x00000000d5f00000,0x00000000d5f00000,0x00000000e6980000)
  from space 19968K, 37% used [0x00000000e6980000,0x00000000e70cf2b8,0x00000000e7d00000)
  to   space 19456K, 0% used [0x00000000ed580000,0x00000000ed580000,0x00000000ee880000)
 ParOldGen       total 72192K, used 39603K [0x0000000081c00000, 0x0000000086280000, 0x00000000d5f00000)
  object space 72192K, 54% used [0x0000000081c00000,0x00000000842acd78,0x0000000086280000)
 Metaspace       used 58002K, capacity 58604K, committed 59096K, reserved 1101824K
  class space    used 7218K, capacity 7365K, committed 7424K, reserved 1048576K
Event: 33.705 GC heap after
Heap after GC invocations=14 (full 3):
 PSYoungGen      total 292864K, used 0K [0x00000000d5f00000, 0x00000000ee880000, 0x0000000100000000)
  eden space 272896K, 0% used [0x00000000d5f00000,0x00000000d5f00000,0x00000000e6980000)
  from space 19968K, 0% used [0x00000000e6980000,0x00000000e6980000,0x00000000e7d00000)
  to   space 19456K, 0% used [0x00000000ed580000,0x00000000ed580000,0x00000000ee880000)
 ParOldGen       total 107520K, used 33421K [0x0000000081c00000, 0x0000000088500000, 0x00000000d5f00000)
  object space 107520K, 31% used [0x0000000081c00000,0x0000000083ca3768,0x0000000088500000)
 Metaspace       used 58002K, capacity 58604K, committed 59096K, reserved 1101824K
  class space    used 7218K, capacity 7365K, committed 7424K, reserved 1048576K
}

