# JRE version: Java(TM) SE Runtime Environment (8.0_181-b13) (build 1.8.0_181-b13)
# Java VM: Java HotSpot(TM) 64-Bit Server VM (25.181-b13 mixed mode windows-amd64 compressed oops)
Heap:
 PSYoungGen      total 237056K, used 15302K [0x00000000d5f00000, 0x00000000e9180000, 0x0000000100000000)
  eden space 217600K, 7% used [0x00000000d5f00000,0x00000000d6df1a28,0x00000000e3380000)
  from space 19456K, 0% used [0x00000000e3380000,0x00000000e3380000,0x00000000e4680000)
  to   space 18944K, 0% used [0x00000000e7f00000,0x00000000e7f00000,0x00000000e9180000)
 ParOldGen       total 120320K, used 32421K [0x0000000081c00000, 0x0000000089180000, 0x00000000d5f00000)
  object space 120320K, 26% used [0x0000000081c00000,0x0000000083ba96b8,0x0000000089180000)
 Metaspace       used 59159K, capacity 59736K, committed 60248K, reserved 1101824K
  class space    used 7331K, capacity 7463K, committed 7552K, reserved 1048576K
GC Heap History (10 events):
Event: 5.732 GC heap before
{Heap before GC invocations=10 (full 2):
 PSYoungGen      total 178688K, used 11724K [0x00000000d5f00000, 0x00000000e2580000, 0x0000000100000000)
  eden space 165888K, 0% used [0x00000000d5f00000,0x00000000d5f00000,0x00000000e0100000)
  from space 12800K, 91% used [0x00000000e0e80000,0x00000000e19f33d8,0x00000000e1b00000)
  to   space 13824K, 0% used [0x00000000e0100000,0x00000000e0100000,0x00000000e0e80000)
 ParOldGen       total 53760K, used 11019K [0x0000000081c00000, 0x0000000085080000, 0x00000000d5f00000)
  object space 53760K, 20% used [0x0000000081c00000,0x00000000826c2ec8,0x0000000085080000)
 Metaspace       used 34822K, capacity 35144K, committed 35456K, reserved 1081344K
  class space    used 4267K, capacity 4367K, committed 4480K, reserved 1048576K
Event: 5.810 GC heap after
Heap after GC invocations=10 (full 2):
 PSYoungGen      total 178688K, used 0K [0x00000000d5f00000, 0x00000000e2580000, 0x0000000100000000)
  eden space 165888K, 0% used [0x00000000d5f00000,0x00000000d5f00000,0x00000000e0100000)
  from space 12800K, 0% used [0x00000000e0e80000,0x00000000e0e80000,0x00000000e1b00000)
  to   space 13824K, 0% used [0x00000000e0100000,0x00000000e0100000,0x00000000e0e80000)
 ParOldGen       total 81920K, used 17215K [0x0000000081c00000, 0x0000000086c00000, 0x00000000d5f00000)
  object space 81920K, 21% used [0x0000000081c00000,0x0000000082ccfe48,0x0000000086c00000)
 Metaspace       used 34822K, capacity 35144K, committed 35456K, reserved 1081344K
  class space    used 4267K, capacity 4367K, committed 4480K, reserved 1048576K
}
Event: 8.414 GC heap before
{Heap before GC invocations=11 (full 2):
 PSYoungGen      total 178688K, used 165888K [0x00000000d5f00000, 0x00000000e2580000, 0x0000000100000000)
  eden space 165888K, 100% used [0x00000000d5f00000,0x00000000e0100000,0x00000000e0100000)
  from space 12800K, 0% used [0x00000000e0e80000,0x00000000e0e80000,0x00000000e1b00000)
  to   space 13824K, 0% used [0x00000000e0100000,0x00000000e0100000,0x00000000e0e80000)
 ParOldGen       total 81920K, used 17215K [0x0000000081c00000, 0x0000000086c00000, 0x00000000d5f00000)
  object space 81920K, 21% used [0x0000000081c00000,0x0000000082ccfe48,0x0000000086c00000)
 Metaspace       used 45802K, capacity 46216K, committed 46592K, reserved 1089536K
  class space    used 5790K, capacity 5887K, committed 5888K, reserved 1048576K
Event: 8.427 GC heap after
Heap after GC invocations=11 (full 2):
 PSYoungGen      total 179712K, used 13816K [0x00000000d5f00000, 0x00000000e5700000, 0x0000000100000000)
  eden space 165888K, 0% used [0x00000000d5f00000,0x00000000d5f00000,0x00000000e0100000)
  from space 13824K, 99% used [0x00000000e0100000,0x00000000e0e7e0d0,0x00000000e0e80000)
  to   space 15872K, 0% used [0x00000000e4780000,0x00000000e4780000,0x00000000e5700000)
 ParOldGen       total 81920K, used 17693K [0x0000000081c00000, 0x0000000086c00000, 0x00000000d5f00000)
  object space 81920K, 21% used [0x0000000081c00000,0x0000000082d47460,0x0000000086c00000)
 Metaspace       used 45802K, capacity 46216K, committed 46592K, reserved 1089536K
  class space    used 5790K, capacity 5887K, committed 5888K, reserved 1048576K
}
Event: 10.988 GC heap before
{Heap before GC invocations=12 (full 2):
 PSYoungGen      total 179712K, used 179704K [0x00000000d5f00000, 0x00000000e5700000, 0x0000000100000000)
  eden space 165888K, 100% used [0x00000000d5f00000,0x00000000e0100000,0x00000000e0100000)
  from space 13824K, 99% used [0x00000000e0100000,0x00000000e0e7e0d0,0x00000000e0e80000)
  to   space 15872K, 0% used [0x00000000e4780000,0x00000000e4780000,0x00000000e5700000)
 ParOldGen       total 81920K, used 17693K [0x0000000081c00000, 0x0000000086c00000, 0x00000000d5f00000)
  object space 81920K, 21% used [0x0000000081c00000,0x0000000082d47460,0x0000000086c00000)
 Metaspace       used 52577K, capacity 53150K, committed 53632K, reserved 1095680K
  class space    used 6543K, capacity 6674K, committed 6784K, reserved 1048576K
Event: 11.006 GC heap after
Heap after GC invocations=12 (full 2):
 PSYoungGen      total 233472K, used 15864K [0x00000000d5f00000, 0x00000000e5980000, 0x0000000100000000)
  eden space 217600K, 0% used [0x00000000d5f00000,0x00000000d5f00000,0x00000000e3380000)
  from space 15872K, 99% used [0x00000000e4780000,0x00000000e56fe050,0x00000000e5700000)
  to   space 19456K, 0% used [0x00000000e3380000,0x00000000e3380000,0x00000000e4680000)
 ParOldGen       total 81920K, used 22438K [0x0000000081c00000, 0x0000000086c00000, 0x00000000d5f00000)
  object space 81920K, 27% used [0x0000000081c00000,0x00000000831e9970,0x0000000086c00000)
 Metaspace       used 52577K, capacity 53150K, committed 53632K, reserved 1095680K
  class space    used 6543K, capacity 6674K, committed 6784K, reserved 1048576K
}
Event: 33.056 GC heap before
{Heap before GC invocations=13 (full 2):
 PSYoungGen      total 233472K, used 129922K [0x00000000d5f00000, 0x00000000e5980000, 0x0000000100000000)
  eden space 217600K, 52% used [0x00000000d5f00000,0x00000000dce62a48,0x00000000e3380000)
  from space 15872K, 99% used [0x00000000e4780000,0x00000000e56fe050,0x00000000e5700000)
  to   space 19456K, 0% used [0x00000000e3380000,0x00000000e3380000,0x00000000e4680000)
 ParOldGen       total 81920K, used 22438K [0x0000000081c00000, 0x0000000086c00000, 0x00000000d5f00000)
  object space 81920K, 27% used [0x0000000081c00000,0x00000000831e9970,0x0000000086c00000)
 Metaspace       used 58013K, capacity 58604K, committed 59096K, reserved 1101824K
  class space    used 7229K, capacity 7365K, committed 7424K, reserved 1048576K
Event: 33.075 GC heap after
Heap after GC invocations=13 (full 2):
 PSYoungGen      total 237056K, used 8071K [0x00000000d5f00000, 0x00000000e9180000, 0x0000000100000000)
  eden space 217600K, 0% used [0x00000000d5f00000,0x00000000d5f00000,0x00000000e3380000)
  from space 19456K, 41% used [0x00000000e3380000,0x00000000e3b61d60,0x00000000e4680000)
  to   space 18944K, 0% used [0x00000000e7f00000,0x00000000e7f00000,0x00000000e9180000)
 ParOldGen       total 81920K, used 36089K [0x0000000081c00000, 0x0000000086c00000, 0x00000000d5f00000)
  object space 81920K, 44% used [0x0000000081c00000,0x0000000083f3e760,0x0000000086c00000)
 Metaspace       used 58013K, capacity 58604K, committed 59096K, reserved 1101824K
  class space    used 7229K, capacity 7365K, committed 7424K, reserved 1048576K
}
Event: 33.075 GC heap before
{Heap before GC invocations=14 (full 3):
 PSYoungGen      total 237056K, used 8071K [0x00000000d5f00000, 0x00000000e9180000, 0x0000000100000000)
  eden space 217600K, 0% used [0x00000000d5f00000,0x00000000d5f00000,0x00000000e3380000)
  from space 19456K, 41% used [0x00000000e3380000,0x00000000e3b61d60,0x00000000e4680000)
  to   space 18944K, 0% used [0x00000000e7f00000,0x00000000e7f00000,0x00000000e9180000)
 ParOldGen       total 81920K, used 36089K [0x0000000081c00000, 0x0000000086c00000, 0x00000000d5f00000)
  object space 81920K, 44% used [0x0000000081c00000,0x0000000083f3e760,0x0000000086c00000)
 Metaspace       used 58013K, capacity 58604K, committed 59096K, reserved 1101824K
  class space    used 7229K, capacity 7365K, committed 7424K, reserved 1048576K
Event: 33.240 GC heap after
Heap after GC invocations=14 (full 3):
 PSYoungGen      total 237056K, used 0K [0x00000000d5f00000, 0x00000000e9180000, 0x0000000100000000)
  eden space 217600K, 0% used [0x00000000d5f00000,0x00000000d5f00000,0x00000000e3380000)
  from space 19456K, 0% used [0x00000000e3380000,0x00000000e3380000,0x00000000e4680000)
  to   space 18944K, 0% used [0x00000000e7f00000,0x00000000e7f00000,0x00000000e9180000)
 ParOldGen       total 120320K, used 32421K [0x0000000081c00000, 0x0000000089180000, 0x00000000d5f00000)
  object space 120320K, 26% used [0x0000000081c00000,0x0000000083ba96b8,0x0000000089180000)
 Metaspace       used 58013K, capacity 58604K, committed 59096K, reserved 1101824K
  class space    used 7229K, capacity 7365K, committed 7424K, reserved 1048576K
}

