# JRE version: Java(TM) SE Runtime Environment (8.0_181-b13) (build 1.8.0_181-b13)
# Java VM: Java HotSpot(TM) 64-Bit Server VM (25.181-b13 mixed mode windows-amd64 compressed oops)
Heap:
 PSYoungGen      total 199168K, used 188380K [0x00000000d5f00000, 0x00000000e7d80000, 0x0000000100000000)
  eden space 185856K, 94% used [0x00000000d5f00000,0x00000000e09fa320,0x00000000e1480000)
  from space 13312K, 99% used [0x00000000e1480000,0x00000000e217cfc8,0x00000000e2180000)
  to   space 16896K, 0% used [0x00000000e6d00000,0x00000000e6d00000,0x00000000e7d80000)
 ParOldGen       total 74752K, used 22021K [0x0000000081c00000, 0x0000000086500000, 0x00000000d5f00000)
  object space 74752K, 29% used [0x0000000081c00000,0x00000000831814f8,0x0000000086500000)
 Metaspace       used 55778K, capacity 56320K, committed 56960K, reserved 1099776K
  class space    used 7044K, capacity 7171K, committed 7296K, reserved 1048576K
GC Heap History (10 events):
Event: 2.726 GC heap before
{Heap before GC invocations=7 (full 1):
 PSYoungGen      total 71680K, used 71665K [0x00000000d5f00000, 0x00000000de200000, 0x0000000100000000)
  eden space 66560K, 100% used [0x00000000d5f00000,0x00000000da000000,0x00000000da000000)
  from space 5120K, 99% used [0x00000000da000000,0x00000000da4fc7e8,0x00000000da500000)
  to   space 9216K, 0% used [0x00000000dd900000,0x00000000dd900000,0x00000000de200000)
 ParOldGen       total 51200K, used 8004K [0x0000000081c00000, 0x0000000084e00000, 0x00000000d5f00000)
  object space 51200K, 15% used [0x0000000081c00000,0x00000000823d1248,0x0000000084e00000)
 Metaspace       used 28577K, capacity 28894K, committed 29312K, reserved 1075200K
  class space    used 3555K, capacity 3656K, committed 3712K, reserved 1048576K
Event: 2.733 GC heap after
Heap after GC invocations=7 (full 1):
 PSYoungGen      total 120832K, used 7751K [0x00000000d5f00000, 0x00000000de100000, 0x0000000100000000)
  eden space 112640K, 0% used [0x00000000d5f00000,0x00000000d5f00000,0x00000000dcd00000)
  from space 8192K, 94% used [0x00000000dd900000,0x00000000de091ce8,0x00000000de100000)
  to   space 9728K, 0% used [0x00000000dce00000,0x00000000dce00000,0x00000000dd780000)
 ParOldGen       total 51200K, used 8012K [0x0000000081c00000, 0x0000000084e00000, 0x00000000d5f00000)
  object space 51200K, 15% used [0x0000000081c00000,0x00000000823d3248,0x0000000084e00000)
 Metaspace       used 28577K, capacity 28894K, committed 29312K, reserved 1075200K
  class space    used 3555K, capacity 3656K, committed 3712K, reserved 1048576K
}
Event: 3.607 GC heap before
{Heap before GC invocations=8 (full 1):
 PSYoungGen      total 120832K, used 120391K [0x00000000d5f00000, 0x00000000de100000, 0x0000000100000000)
  eden space 112640K, 100% used [0x00000000d5f00000,0x00000000dcd00000,0x00000000dcd00000)
  from space 8192K, 94% used [0x00000000dd900000,0x00000000de091ce8,0x00000000de100000)
  to   space 9728K, 0% used [0x00000000dce00000,0x00000000dce00000,0x00000000dd780000)
 ParOldGen       total 51200K, used 8012K [0x0000000081c00000, 0x0000000084e00000, 0x00000000d5f00000)
  object space 51200K, 15% used [0x0000000081c00000,0x00000000823d3248,0x0000000084e00000)
 Metaspace       used 32374K, capacity 32680K, committed 33024K, reserved 1079296K
  class space    used 3999K, capacity 4079K, committed 4096K, reserved 1048576K
Event: 3.622 GC heap after
Heap after GC invocations=8 (full 1):
 PSYoungGen      total 123392K, used 9718K [0x00000000d5f00000, 0x00000000e2d80000, 0x0000000100000000)
  eden space 113664K, 0% used [0x00000000d5f00000,0x00000000d5f00000,0x00000000dce00000)
  from space 9728K, 99% used [0x00000000dce00000,0x00000000dd77dbd8,0x00000000dd780000)
  to   space 12288K, 0% used [0x00000000e2180000,0x00000000e2180000,0x00000000e2d80000)
 ParOldGen       total 51200K, used 10842K [0x0000000081c00000, 0x0000000084e00000, 0x00000000d5f00000)
  object space 51200K, 21% used [0x0000000081c00000,0x0000000082696a20,0x0000000084e00000)
 Metaspace       used 32374K, capacity 32680K, committed 33024K, reserved 1079296K
  class space    used 3999K, capacity 4079K, committed 4096K, reserved 1048576K
}
Event: 3.754 GC heap before
{Heap before GC invocations=9 (full 1):
 PSYoungGen      total 123392K, used 35396K [0x00000000d5f00000, 0x00000000e2d80000, 0x0000000100000000)
  eden space 113664K, 22% used [0x00000000d5f00000,0x00000000d78134e0,0x00000000dce00000)
  from space 9728K, 99% used [0x00000000dce00000,0x00000000dd77dbd8,0x00000000dd780000)
  to   space 12288K, 0% used [0x00000000e2180000,0x00000000e2180000,0x00000000e2d80000)
 ParOldGen       total 51200K, used 10842K [0x0000000081c00000, 0x0000000084e00000, 0x00000000d5f00000)
  object space 51200K, 21% used [0x0000000081c00000,0x0000000082696a20,0x0000000084e00000)
 Metaspace       used 34768K, capacity 35144K, committed 35456K, reserved 1081344K
  class space    used 4265K, capacity 4367K, committed 4480K, reserved 1048576K
Event: 3.763 GC heap after
Heap after GC invocations=9 (full 1):
 PSYoungGen      total 198144K, used 11077K [0x00000000d5f00000, 0x00000000e3680000, 0x0000000100000000)
  eden space 185856K, 0% used [0x00000000d5f00000,0x00000000d5f00000,0x00000000e1480000)
  from space 12288K, 90% used [0x00000000e2180000,0x00000000e2c51600,0x00000000e2d80000)
  to   space 13312K, 0% used [0x00000000e1480000,0x00000000e1480000,0x00000000e2180000)
 ParOldGen       total 51200K, used 10850K [0x0000000081c00000, 0x0000000084e00000, 0x00000000d5f00000)
  object space 51200K, 21% used [0x0000000081c00000,0x0000000082698a20,0x0000000084e00000)
 Metaspace       used 34768K, capacity 35144K, committed 35456K, reserved 1081344K
  class space    used 4265K, capacity 4367K, committed 4480K, reserved 1048576K
}
Event: 3.764 GC heap before
{Heap before GC invocations=10 (full 2):
 PSYoungGen      total 198144K, used 11077K [0x00000000d5f00000, 0x00000000e3680000, 0x0000000100000000)
  eden space 185856K, 0% used [0x00000000d5f00000,0x00000000d5f00000,0x00000000e1480000)
  from space 12288K, 90% used [0x00000000e2180000,0x00000000e2c51600,0x00000000e2d80000)
  to   space 13312K, 0% used [0x00000000e1480000,0x00000000e1480000,0x00000000e2180000)
 ParOldGen       total 51200K, used 10850K [0x0000000081c00000, 0x0000000084e00000, 0x00000000d5f00000)
  object space 51200K, 21% used [0x0000000081c00000,0x0000000082698a20,0x0000000084e00000)
 Metaspace       used 34768K, capacity 35144K, committed 35456K, reserved 1081344K
  class space    used 4265K, capacity 4367K, committed 4480K, reserved 1048576K
Event: 3.806 GC heap after
Heap after GC invocations=10 (full 2):
 PSYoungGen      total 198144K, used 0K [0x00000000d5f00000, 0x00000000e3680000, 0x0000000100000000)
  eden space 185856K, 0% used [0x00000000d5f00000,0x00000000d5f00000,0x00000000e1480000)
  from space 12288K, 0% used [0x00000000e2180000,0x00000000e2180000,0x00000000e2d80000)
  to   space 13312K, 0% used [0x00000000e1480000,0x00000000e1480000,0x00000000e2180000)
 ParOldGen       total 74752K, used 16703K [0x0000000081c00000, 0x0000000086500000, 0x00000000d5f00000)
  object space 74752K, 22% used [0x0000000081c00000,0x0000000082c4fec0,0x0000000086500000)
 Metaspace       used 34768K, capacity 35144K, committed 35456K, reserved 1081344K
  class space    used 4265K, capacity 4367K, committed 4480K, reserved 1048576K
}
Event: 6.020 GC heap before
{Heap before GC invocations=11 (full 2):
 PSYoungGen      total 198144K, used 185856K [0x00000000d5f00000, 0x00000000e3680000, 0x0000000100000000)
  eden space 185856K, 100% used [0x00000000d5f00000,0x00000000e1480000,0x00000000e1480000)
  from space 12288K, 0% used [0x00000000e2180000,0x00000000e2180000,0x00000000e2d80000)
  to   space 13312K, 0% used [0x00000000e1480000,0x00000000e1480000,0x00000000e2180000)
 ParOldGen       total 74752K, used 16703K [0x0000000081c00000, 0x0000000086500000, 0x00000000d5f00000)
  object space 74752K, 22% used [0x0000000081c00000,0x0000000082c4fec0,0x0000000086500000)
 Metaspace       used 48476K, capacity 48934K, committed 49408K, reserved 1091584K
  class space    used 6183K, capacity 6276K, committed 6400K, reserved 1048576K
Event: 6.046 GC heap after
Heap after GC invocations=11 (full 2):
 PSYoungGen      total 199168K, used 13299K [0x00000000d5f00000, 0x00000000e7d80000, 0x0000000100000000)
  eden space 185856K, 0% used [0x00000000d5f00000,0x00000000d5f00000,0x00000000e1480000)
  from space 13312K, 99% used [0x00000000e1480000,0x00000000e217cfc8,0x00000000e2180000)
  to   space 16896K, 0% used [0x00000000e6d00000,0x00000000e6d00000,0x00000000e7d80000)
 ParOldGen       total 74752K, used 22021K [0x0000000081c00000, 0x0000000086500000, 0x00000000d5f00000)
  object space 74752K, 29% used [0x0000000081c00000,0x00000000831814f8,0x0000000086500000)
 Metaspace       used 48476K, capacity 48934K, committed 49408K, reserved 1091584K
  class space    used 6183K, capacity 6276K, committed 6400K, reserved 1048576K
}

